<?xml version="1.0" encoding="UTF-8"?>
<!-- Generated by org.testng.reporters.JUnitXMLReporter -->
<testsuite ignored="11" hostname="DESKTOP-MTQRHIP" failures="0" tests="2" name="Test" time="117.372" errors="0" timestamp="2024-07-31T10:59:30 IST">
  <testcase classname="TestCaseRepo.LE_01" name="le01Tc" time="30.879"/>
  <testcase classname="TestCaseRepo.LE_03" name="le_03" time="18.224"/>
  <testcase classname="genricLibOrUtility.BaseClass" name="@BeforeSuite createDbConnection" time="0.0">
    <ignored/>
  </testcase> <!-- @BeforeSuite createDbConnection -->
  <testcase classname="genricLibOrUtility.BaseClass" name="@BeforeSuite createDbConnection" time="0.0">
    <ignored/>
  </testcase> <!-- @BeforeSuite createDbConnection -->
  <testcase classname="genricLibOrUtility.BaseClass" name="@BeforeSuite createDbConnection" time="0.0">
    <ignored/>
  </testcase> <!-- @BeforeSuite createDbConnection -->
  <testcase classname="genricLibOrUtility.BaseClass" name="@BeforeSuite createDbConnection" time="0.0">
    <ignored/>
  </testcase> <!-- @BeforeSuite createDbConnection -->
  <testcase classname="TestCaseRepo.ORG_01" name="le_04" time="0.0">
    <ignored/>
  </testcase> <!-- le_04 -->
  <testcase classname="TestCaseRepo.LE_02" name="le_02" time="0.0">
    <ignored/>
  </testcase> <!-- le_02 -->
  <testcase classname="TestCaseRepo.ORG_02" name="org_02" time="0.0">
    <ignored/>
  </testcase> <!-- org_02 -->
  <testcase classname="genricLibOrUtility.BaseClass" name="@AfterSuite closeDbConnection" time="0.0">
    <ignored/>
  </testcase> <!-- @AfterSuite closeDbConnection -->
  <testcase classname="genricLibOrUtility.BaseClass" name="@AfterSuite closeDbConnection" time="0.0">
    <ignored/>
  </testcase> <!-- @AfterSuite closeDbConnection -->
  <testcase classname="genricLibOrUtility.BaseClass" name="@AfterSuite closeDbConnection" time="0.0">
    <ignored/>
  </testcase> <!-- @AfterSuite closeDbConnection -->
  <testcase classname="genricLibOrUtility.BaseClass" name="@AfterSuite closeDbConnection" time="0.0">
    <ignored/>
  </testcase> <!-- @AfterSuite closeDbConnection -->
</testsuite> <!-- Test -->
