<?xml version="1.0" encoding="UTF-8"?>
<testng-results ignored="11" total="13" passed="2" failed="0" skipped="0">
  <reporter-output>
  </reporter-output>
  <suite started-at="2024-07-31T10:57:32 IST" name="Suite" finished-at="2024-07-31T10:59:30 IST" duration-ms="117372">
    <groups>
      <group name="regression">
        <method signature="LE_01.le01Tc()[pri:0, instance:TestCaseRepo.LE_01@60bd273d]" name="le01Tc" class="TestCaseRepo.LE_01"/>
        <method signature="LE_03.le_03()[pri:0, instance:TestCaseRepo.LE_03@6fdbe764]" name="le_03" class="TestCaseRepo.LE_03"/>
      </group> <!-- regression -->
    </groups>
    <test started-at="2024-07-31T10:57:32 IST" name="Test" finished-at="2024-07-31T10:59:30 IST" duration-ms="117372">
      <class name="TestCaseRepo.LE_03">
        <test-method is-config="true" signature="launchBrowser()[pri:0, instance:TestCaseRepo.LE_03@6fdbe764]" started-at="2024-07-31T10:58:57 IST" name="launchBrowser" finished-at="2024-07-31T10:59:05 IST" duration-ms="8004" status="PASS">
          <reporter-output>
          </reporter-output>
        </test-method> <!-- launchBrowser -->
        <test-method is-config="true" signature="loginOperation()[pri:0, instance:TestCaseRepo.LE_03@6fdbe764]" started-at="2024-07-31T10:59:05 IST" name="loginOperation" finished-at="2024-07-31T10:59:09 IST" duration-ms="3895" status="PASS">
          <reporter-output>
          </reporter-output>
        </test-method> <!-- loginOperation -->
        <test-method signature="le_03()[pri:0, instance:TestCaseRepo.LE_03@6fdbe764]" started-at="2024-07-31T10:59:09 IST" name="le_03" finished-at="2024-07-31T10:59:27 IST" duration-ms="18224" status="PASS">
          <reporter-output>
          </reporter-output>
        </test-method> <!-- le_03 -->
        <test-method is-config="true" signature="logoutOperation()[pri:0, instance:TestCaseRepo.LE_03@6fdbe764]" started-at="2024-07-31T10:59:27 IST" name="logoutOperation" finished-at="2024-07-31T10:59:29 IST" duration-ms="1825" status="PASS">
          <reporter-output>
          </reporter-output>
        </test-method> <!-- logoutOperation -->
        <test-method is-config="true" signature="closeBrowser()[pri:0, instance:TestCaseRepo.LE_03@6fdbe764]" started-at="2024-07-31T10:59:29 IST" name="closeBrowser" finished-at="2024-07-31T10:59:30 IST" duration-ms="551" status="PASS">
          <reporter-output>
          </reporter-output>
        </test-method> <!-- closeBrowser -->
      </class> <!-- TestCaseRepo.LE_03 -->
      <class name="TestCaseRepo.LE_01">
        <test-method is-config="true" signature="createDbConnection()[pri:0, instance:TestCaseRepo.LE_01@60bd273d]" started-at="2024-07-31T10:57:32 IST" name="createDbConnection" finished-at="2024-07-31T10:57:32 IST" duration-ms="11" status="PASS">
          <reporter-output>
          </reporter-output>
        </test-method> <!-- createDbConnection -->
        <test-method is-config="true" signature="launchBrowser()[pri:0, instance:TestCaseRepo.LE_01@60bd273d]" started-at="2024-07-31T10:57:32 IST" name="launchBrowser" finished-at="2024-07-31T10:58:04 IST" duration-ms="32285" status="PASS">
          <reporter-output>
          </reporter-output>
        </test-method> <!-- launchBrowser -->
        <test-method is-config="true" signature="loginOperation()[pri:0, instance:TestCaseRepo.LE_01@60bd273d]" started-at="2024-07-31T10:58:05 IST" name="loginOperation" finished-at="2024-07-31T10:58:23 IST" duration-ms="18417" status="PASS">
          <reporter-output>
          </reporter-output>
        </test-method> <!-- loginOperation -->
        <test-method signature="le01Tc()[pri:0, instance:TestCaseRepo.LE_01@60bd273d]" started-at="2024-07-31T10:58:23 IST" name="le01Tc" finished-at="2024-07-31T10:58:54 IST" duration-ms="30879" status="PASS">
          <reporter-output>
          </reporter-output>
        </test-method> <!-- le01Tc -->
        <test-method is-config="true" signature="logoutOperation()[pri:0, instance:TestCaseRepo.LE_01@60bd273d]" started-at="2024-07-31T10:58:54 IST" name="logoutOperation" finished-at="2024-07-31T10:58:56 IST" duration-ms="2333" status="PASS">
          <reporter-output>
          </reporter-output>
        </test-method> <!-- logoutOperation -->
        <test-method is-config="true" signature="closeBrowser()[pri:0, instance:TestCaseRepo.LE_01@60bd273d]" started-at="2024-07-31T10:58:56 IST" name="closeBrowser" finished-at="2024-07-31T10:58:57 IST" duration-ms="888" status="PASS">
          <reporter-output>
          </reporter-output>
        </test-method> <!-- closeBrowser -->
        <test-method is-config="true" signature="closeDbConnection()[pri:0, instance:TestCaseRepo.LE_01@60bd273d]" started-at="2024-07-31T10:59:30 IST" name="closeDbConnection" finished-at="2024-07-31T10:59:30 IST" duration-ms="2" status="PASS">
          <reporter-output>
          </reporter-output>
        </test-method> <!-- closeDbConnection -->
      </class> <!-- TestCaseRepo.LE_01 -->
    </test> <!-- Test -->
  </suite> <!-- Suite -->
</testng-results>
